Start testing: Aug 01 00:34 CST
----------------------------------------------------------
1/8 Testing: gkz_tests
1/8 Test: gkz_tests
Command: "/Users/yaoy/Documents/sGKZ/build-ubsan/gkz_tests"
Directory: /Users/yaoy/Documents/sGKZ/build-ubsan
"gkz_tests" start time: Aug 01 00:34 CST
Output:
----------------------------------------------------------
All shortest-GKZ tests passed.
<end of output>
Test time =   1.08 sec
----------------------------------------------------------
Test Passed.
"gkz_tests" end time: Aug 01 00:34 CST
"gkz_tests" time elapsed: 00:00:01
----------------------------------------------------------

2/8 Testing: oracle_kernel_consistency
2/8 Test: oracle_kernel_consistency
Command: "/Users/yaoy/Documents/sGKZ/build-ubsan/oracle_kernel_consistency_test"
Directory: /Users/yaoy/Documents/sGKZ/build-ubsan
"oracle_kernel_consistency" start time: Aug 01 00:34 CST
Output:
----------------------------------------------------------
All oracle kernel consistency tests passed.
<end of output>
Test time =   0.97 sec
----------------------------------------------------------
Test Passed.
"oracle_kernel_consistency" end time: Aug 01 00:34 CST
"oracle_kernel_consistency" time elapsed: 00:00:00
----------------------------------------------------------

3/8 Testing: cli_square
3/8 Test: cli_square
Command: "/Users/yaoy/Documents/sGKZ/build-ubsan/shortest_gkz" "--points" "/Users/yaoy/Documents/sGKZ/examples/square.points" "--tolerance" "1e-12"
Directory: /Users/yaoy/Documents/sGKZ/build-ubsan
"cli_square" start time: Aug 01 00:34 CST
Output:
----------------------------------------------------------
points=4
twice_area=2
converged=true
iterations=1
active_size=2
norm_squared=0.25000000000000006
gap=1.3877787807814457e-16
l2_error_bound=1.6660004686562641e-08
exact_certified=true
exact_message=Exact convex QP and equality H(x) = ||x||^2 verified.
exact_norm_squared=1/4
ell_A(x,y) = 1/4 + (0) x + (0) y
ell_A_constant=true
ell_A_sigma_comparison=exact
ell_A_equals_shortest_GKZ=true
relative_Chow_semistable=true
ell_A_on_A=(0,0)=1/4;(1,0)=1/4;(0,1)=1/4;(1,1)=1/4
<end of output>
Test time =   0.57 sec
----------------------------------------------------------
Test Passed.
"cli_square" end time: Aug 01 00:34 CST
"cli_square" time elapsed: 00:00:00
----------------------------------------------------------

4/8 Testing: cli_square_k16_numerical
4/8 Test: cli_square_k16_numerical
Command: "/Users/yaoy/Documents/sGKZ/build-ubsan/shortest_gkz" "--polygon" "/Users/yaoy/Documents/sGKZ/examples/unit_square.polygon" "--k" "16" "--tolerance" "1e-10" "--max-iterations" "400" "--no-exact"
Directory: /Users/yaoy/Documents/sGKZ/build-ubsan
"cli_square_k16_numerical" start time: Aug 01 00:34 CST
Output:
----------------------------------------------------------
points=289
twice_area=512
level=16
base_twice_area=2
converged=true
iterations=247
active_size=241
norm_squared=0.0034602076124567466
gap=3.3222426545909123e-13
l2_error_bound=8.1513712399705024e-07
exact_certified=false
ell_A(x,y) = 1/289 + (0) x + (0) y
ell_A_constant=true
ell_A_sigma_comparison=numerical
ell_A_equals_shortest_GKZ=true
relative_Chow_semistable=unverified
ell_A_on_A=(0,0)=1/289;(0,1/16)=1/289;(0,1/8)=1/289;(0,3/16)=1/289;(0,1/4)=1/289;(0,5/16)=1/289;(0,3/8)=1/289;(0,7/16)=1/289;(0,1/2)=1/289;(0,9/16)=1/289;(0,5/8)=1/289;(0,11/16)=1/289;(0,3/4)=1/289;(0,13/16)=1/289;(0,7/8)=1/289;(0,15/16)=1/289;(0,1)=1/289;(1/16,0)=1/289;(1/16,1/16)=1/289;(1/16,1/8)=1/289;(1/16,3/16)=1/289;(1/16,1/4)=1/289;(1/16,5/16)=1/289;(1/16,3/8)=1/289;(1/16,7/16)=1/289;(1/16,1/2)=1/289;(1/16,9/16)=1/289;(1/16,5/8)=1/289;(1/16,11/16)=1/289;(1/16,3/4)=1/289;(1/16,13/16)=1/289;(1/16,7/8)=1/289;(1/16,15/16)=1/289;(1/16,1)=1/289;(1/8,0)=1/289;(1/8,1/16)=1/289;(1/8,1/8)=1/289;(1/8,3/16)=1/289;(1/8,1/4)=1/289;(1/8,5/16)=1/289;(1/8,3/8)=1/289;(1/8,7/16)=1/289;(1/8,1/2)=1/289;(1/8,9/16)=1/289;(1/8,5/8)=1/289;(1/8,11/16)=1/289;(1/8,3/4)=1/289;(1/8,13/16)=1/289;(1/8,7/8)=1/289;(1/8,15/16)=1/289;(1/8,1)=1/289;(3/16,0)=1/289;(3/16,1/16)=1/289;(3/16,1/8)=1/289;(3/16,3/16)=1/289;(3/16,1/4)=1/289;(3/16,5/16)=1/289;(3/16,3/8)=1/289;(3/16,7/16)=1/289;(3/16,1/2)=1/289;(3/16,9/16)=1/289;(3/16,5/8)=1/289;(3/16,11/16)=1/289;(3/16,3/4)=1/289;(3/16,13/16)=1/289;(3/16,7/8)=1/289;(3/16,15/16)=1/289;(3/16,1)=1/289;(1/4,0)=1/289;(1/4,1/16)=1/289;(1/4,1/8)=1/289;(1/4,3/16)=1/289;(1/4,1/4)=1/289;(1/4,5/16)=1/289;(1/4,3/8)=1/289;(1/4,7/16)=1/289;(1/4,1/2)=1/289;(1/4,9/16)=1/289;(1/4,5/8)=1/289;(1/4,11/16)=1/289;(1/4,3/4)=1/289;(1/4,13/16)=1/289;(1/4,7/8)=1/289;(1/4,15/16)=1/289;(1/4,1)=1/289;(5/16,0)=1/289;(5/16,1/16)=1/289;(5/16,1/8)=1/289;(5/16,3/16)=1/289;(5/16,1/4)=1/289;(5/16,5/16)=1/289;(5/16,3/8)=1/289;(5/16,7/16)=1/289;(5/16,1/2)=1/289;(5/16,9/16)=1/289;(5/16,5/8)=1/289;(5/16,11/16)=1/289;(5/16,3/4)=1/289;(5/16,13/16)=1/289;(5/16,7/8)=1/289;(5/16,15/16)=1/289;(5/16,1)=1/289;(3/8,0)=1/289;(3/8,1/16)=1/289;(3/8,1/8)=1/289;(3/8,3/16)=1/289;(3/8,1/4)=1/289;(3/8,5/16)=1/289;(3/8,3/8)=1/289;(3/8,7/16)=1/289;(3/8,1/2)=1/289;(3/8,9/16)=1/289;(3/8,5/8)=1/289;(3/8,11/16)=1/289;(3/8,3/4)=1/289;(3/8,13/16)=1/289;(3/8,7/8)=1/289;(3/8,15/16)=1/289;(3/8,1)=1/289;(7/16,0)=1/289;(7/16,1/16)=1/289;(7/16,1/8)=1/289;(7/16,3/16)=1/289;(7/16,1/4)=1/289;(7/16,5/16)=1/289;(7/16,3/8)=1/289;(7/16,7/16)=1/289;(7/16,1/2)=1/289;(7/16,9/16)=1/289;(7/16,5/8)=1/289;(7/16,11/16)=1/289;(7/16,3/4)=1/289;(7/16,13/16)=1/289;(7/16,7/8)=1/289;(7/16,15/16)=1/289;(7/16,1)=1/289;(1/2,0)=1/289;(1/2,1/16)=1/289;(1/2,1/8)=1/289;(1/2,3/16)=1/289;(1/2,1/4)=1/289;(1/2,5/16)=1/289;(1/2,3/8)=1/289;(1/2,7/16)=1/289;(1/2,1/2)=1/289;(1/2,9/16)=1/289;(1/2,5/8)=1/289;(1/2,11/16)=1/289;(1/2,3/4)=1/289;(1/2,13/16)=1/289;(1/2,7/8)=1/289;(1/2,15/16)=1/289;(1/2,1)=1/289;(9/16,0)=1/289;(9/16,1/16)=1/289;(9/16,1/8)=1/289;(9/16,3/16)=1/289;(9/16,1/4)=1/289;(9/16,5/16)=1/289;(9/16,3/8)=1/289;(9/16,7/16)=1/289;(9/16,1/2)=1/289;(9/16,9/16)=1/289;(9/16,5/8)=1/289;(9/16,11/16)=1/289;(9/16,3/4)=1/289;(9/16,13/16)=1/289;(9/16,7/8)=1/289;(9/16,15/16)=1/289;(9/16,1)=1/289;(5/8,0)=1/289;(5/8,1/16)=1/289;(5/8,1/8)=1/289;(5/8,3/16)=1/289;(5/8,1/4)=1/289;(5/8,5/16)=1/289;(5/8,3/8)=1/289;(5/8,7/16)=1/289;(5/8,1/2)=1/289;(5/8,9/16)=1/289;(5/8,5/8)=1/289;(5/8,11/16)=1/289;(5/8,3/4)=1/289;(5/8,13/16)=1/289;(5/8,7/8)=1/289;(5/8,15/16)=1/289;(5/8,1)=1/289;(11/16,0)=1/289;(11/16,1/16)=1/289;(11/16,1/8)=1/289;(11/16,3/16)=1/289;(11/16,1/4)=1/289;(11/16,5/16)=1/289;(11/16,3/8)=1/289;(11/16,7/16)=1/289;(11/16,1/2)=1/289;(11/16,9/16)=1/289;(11/16,5/8)=1/289;(11/16,11/16)=1/289;(11/16,3/4)=1/289;(11/16,13/16)=1/289;(11/16,7/8)=1/289;(11/16,15/16)=1/289;(11/16,1)=1/289;(3/4,0)=1/289;(3/4,1/16)=1/289;(3/4,1/8)=1/289;(3/4,3/16)=1/289;(3/4,1/4)=1/289;(3/4,5/16)=1/289;(3/4,3/8)=1/289;(3/4,7/16)=1/289;(3/4,1/2)=1/289;(3/4,9/16)=1/289;(3/4,5/8)=1/289;(3/4,11/16)=1/289;(3/4,3/4)=1/289;(3/4,13/16)=1/289;(3/4,7/8)=1/289;(3/4,15/16)=1/289;(3/4,1)=1/289;(13/16,0)=1/289;(13/16,1/16)=1/289;(13/16,1/8)=1/289;(13/16,3/16)=1/289;(13/16,1/4)=1/289;(13/16,5/16)=1/289;(13/16,3/8)=1/289;(13/16,7/16)=1/289;(13/16,1/2)=1/289;(13/16,9/16)=1/289;(13/16,5/8)=1/289;(13/16,11/16)=1/289;(13/16,3/4)=1/289;(13/16,13/16)=1/289;(13/16,7/8)=1/289;(13/16,15/16)=1/289;(13/16,1)=1/289;(7/8,0)=1/289;(7/8,1/16)=1/289;(7/8,1/8)=1/289;(7/8,3/16)=1/289;(7/8,1/4)=1/289;(7/8,5/16)=1/289;(7/8,3/8)=1/289;(7/8,7/16)=1/289;(7/8,1/2)=1/289;(7/8,9/16)=1/289;(7/8,5/8)=1/289;(7/8,11/16)=1/289;(7/8,3/4)=1/289;(7/8,13/16)=1/289;(7/8,7/8)=1/289;(7/8,15/16)=1/289;(7/8,1)=1/289;(15/16,0)=1/289;(15/16,1/16)=1/289;(15/16,1/8)=1/289;(15/16,3/16)=1/289;(15/16,1/4)=1/289;(15/16,5/16)=1/289;(15/16,3/8)=1/289;(15/16,7/16)=1/289;(15/16,1/2)=1/289;(15/16,9/16)=1/289;(15/16,5/8)=1/289;(15/16,11/16)=1/289;(15/16,3/4)=1/289;(15/16,13/16)=1/289;(15/16,7/8)=1/289;(15/16,15/16)=1/289;(15/16,1)=1/289;(1,0)=1/289;(1,1/16)=1/289;(1,1/8)=1/289;(1,3/16)=1/289;(1,1/4)=1/289;(1,5/16)=1/289;(1,3/8)=1/289;(1,7/16)=1/289;(1,1/2)=1/289;(1,9/16)=1/289;(1,5/8)=1/289;(1,11/16)=1/289;(1,3/4)=1/289;(1,13/16)=1/289;(1,7/8)=1/289;(1,15/16)=1/289;(1,1)=1/289
<end of output>
Test time =  24.22 sec
----------------------------------------------------------
Test Passed.
"cli_square_k16_numerical" end time: Aug 01 00:35 CST
"cli_square_k16_numerical" time elapsed: 00:00:24
----------------------------------------------------------

5/8 Testing: cli_plot_data_k2
5/8 Test: cli_plot_data_k2
Command: "/Users/yaoy/Documents/sGKZ/build-ubsan/shortest_gkz" "--polygon" "/Users/yaoy/Documents/sGKZ/examples/unit_square.polygon" "--k" "2" "--plot-prefix" "/Users/yaoy/Documents/sGKZ/build-ubsan/test_square_k2"
Directory: /Users/yaoy/Documents/sGKZ/build-ubsan
"cli_plot_data_k2" start time: Aug 01 00:35 CST
Output:
----------------------------------------------------------
points=9
twice_area=8
level=2
base_twice_area=2
converged=true
iterations=1
active_size=2
norm_squared=0.11111111111111112
gap=8.3266726846886741e-17
l2_error_bound=1.2904784139758924e-08
exact_certified=true
exact_message=Exact convex QP and equality H(x) = ||x||^2 verified.
exact_norm_squared=1/9
ell_A(x,y) = 1/9 + (0) x + (0) y
ell_A_constant=true
ell_A_sigma_comparison=exact
ell_A_equals_shortest_GKZ=true
relative_Chow_semistable=true
ell_A_on_A=(0,0)=1/9;(0,1/2)=1/9;(0,1)=1/9;(1/2,0)=1/9;(1/2,1/2)=1/9;(1/2,1)=1/9;(1,0)=1/9;(1,1/2)=1/9;(1,1)=1/9
plot_surface=/Users/yaoy/Documents/sGKZ/build-ubsan/test_square_k2_surface.csv
plot_triangles=/Users/yaoy/Documents/sGKZ/build-ubsan/test_square_k2_triangles.csv
plot_subdivision=/Users/yaoy/Documents/sGKZ/build-ubsan/test_square_k2_subdivision.csv
plot_ell=/Users/yaoy/Documents/sGKZ/build-ubsan/test_square_k2_ell.csv
<end of output>
Test time =   0.02 sec
----------------------------------------------------------
Test Passed.
"cli_plot_data_k2" end time: Aug 01 00:35 CST
"cli_plot_data_k2" time elapsed: 00:00:00
----------------------------------------------------------

6/8 Testing: plot_results
6/8 Test: plot_results
Command: "/opt/homebrew/Frameworks/Python.framework/Versions/3.14/bin/python3.14" "/Users/yaoy/Documents/sGKZ/tests/plot_results_test.py" "/Users/yaoy/Documents/sGKZ/plot_results.py"
Directory: /Users/yaoy/Documents/sGKZ/build-ubsan
"plot_results" start time: Aug 01 00:35 CST
Output:
----------------------------------------------------------
<end of output>
Test time =   0.23 sec
----------------------------------------------------------
Test Passed.
"plot_results" end time: Aug 01 00:35 CST
"plot_results" time elapsed: 00:00:00
----------------------------------------------------------

7/8 Testing: plot_iterations
7/8 Test: plot_iterations
Command: "/opt/homebrew/Frameworks/Python.framework/Versions/3.14/bin/python3.14" "/Users/yaoy/Documents/sGKZ/tests/plot_iterations_test.py" "/Users/yaoy/Documents/sGKZ/plot_iterations.py"
Directory: /Users/yaoy/Documents/sGKZ/build-ubsan
"plot_iterations" start time: Aug 01 00:35 CST
Output:
----------------------------------------------------------
<end of output>
Test time =   0.09 sec
----------------------------------------------------------
Test Passed.
"plot_iterations" end time: Aug 01 00:35 CST
"plot_iterations" time elapsed: 00:00:00
----------------------------------------------------------

8/8 Testing: generate_wang_zhou
8/8 Test: generate_wang_zhou
Command: "/opt/homebrew/Frameworks/Python.framework/Versions/3.14/bin/python3.14" "/Users/yaoy/Documents/sGKZ/tests/generate_wang_zhou_test.py" "/Users/yaoy/Documents/sGKZ/generate_wang_zhou.py" "/Users/yaoy/Documents/sGKZ/build-ubsan/shortest_gkz"
Directory: /Users/yaoy/Documents/sGKZ/build-ubsan
"generate_wang_zhou" start time: Aug 01 00:35 CST
Output:
----------------------------------------------------------
<end of output>
Test time =   0.12 sec
----------------------------------------------------------
Test Passed.
"generate_wang_zhou" end time: Aug 01 00:35 CST
"generate_wang_zhou" time elapsed: 00:00:00
----------------------------------------------------------

End testing: Aug 01 00:35 CST
